2024-11-04 14:31:15,794 - INFO - URL : https://github.com/Hk574
2024-11-04 14:31:15,794 - INFO - BACK_COLOR : white
2024-11-04 14:31:15,795 - INFO - FILL_COLOR : black
2024-11-04 14:31:15,795 - INFO - Generate and save the QR code Execution Started
2024-11-04 14:31:15,822 - INFO - QR code successfully saved to /workspaces/Homework-7/qr_codes/QRCode_20241104143115.png
2024-11-04 14:31:57,160 - INFO - URL : https://github.com/Hk574
2024-11-04 14:31:57,161 - INFO - BACK_COLOR : white
2024-11-04 14:31:57,161 - INFO - FILL_COLOR : red
2024-11-04 14:31:57,161 - INFO - Generate and save the QR code Execution Started
2024-11-04 14:31:57,185 - INFO - QR code successfully saved to /workspaces/Homework-7/qr_codes/QRCode_20241104143157.png
2024-11-04 14:39:38,379 - INFO - URL : https://example.com
2024-11-04 14:39:38,379 - INFO - BACK_COLOR : white
2024-11-04 14:39:38,379 - INFO - FILL_COLOR : yellow
2024-11-04 14:39:38,379 - INFO - Generate and save the QR code Execution Started
2024-11-04 14:39:38,397 - INFO - QR code successfully saved to /workspaces/Homework-7/qr_codes/QRCode_20241104143938.png
2024-11-04 14:43:30,644 - INFO - URL : https://example.com
2024-11-04 14:43:30,644 - INFO - BACK_COLOR : white
2024-11-04 14:43:30,645 - INFO - FILL_COLOR : green
2024-11-04 14:43:30,645 - INFO - Generate and save the QR code Execution Started
2024-11-04 14:43:30,663 - INFO - QR code successfully saved to /workspaces/Homework-7/qr_codes/QRCode_20241104144330.png
2024-11-04 14:47:03,784 - INFO - URL : https://example.com
2024-11-04 14:47:03,784 - INFO - BACK_COLOR : white
2024-11-04 14:47:03,784 - INFO - FILL_COLOR : blue
2024-11-04 14:47:03,784 - INFO - Generate and save the QR code Execution Started
2024-11-04 14:47:03,804 - INFO - QR code successfully saved to /workspaces/Homework-7/qr_codes/QRCode_20241104144703.png
2024-11-04 14:55:31,709 - INFO - URL : https://github.com/Hk574
2024-11-04 14:55:31,709 - INFO - BACK_COLOR : white
2024-11-04 14:55:31,709 - INFO - FILL_COLOR : red
2024-11-04 14:55:31,709 - INFO - Generate and save the QR code Execution Started
2024-11-04 14:55:31,733 - INFO - QR code successfully saved to /workspaces/Homework-7/qr_codes/QRCode_20241104145531.png
